Arguments: 
  /root/.nvm/versions/node/v14.16.1/bin/node /root/.nvm/versions/node/v14.16.1/bin/yarn add popperjs

PATH: 
  /root/.nvm/versions/node/v14.16.1/bin:/root/.vscode-server/bin/899d46d82c4c95423fb7e10e68eba52050e30ba3/bin:/usr/local/sbin:/usr/local/bin:/usr/sbin:/usr/bin:/sbin:/bin:/usr/games:/usr/local/games:/usr/lib/wsl/lib:/mnt/c/Program Files (x86)/NetSarang/Xshell 6/:/mnt/c/Windows/system32:/mnt/c/Windows:/mnt/c/Windows/System32/Wbem:/mnt/c/Windows/System32/WindowsPowerShell/v1.0/:/mnt/c/Windows/System32/OpenSSH/:/mnt/c/Program Files (x86)/NVIDIA Corporation/PhysX/Common:/mnt/c/Program Files/NVIDIA Corporation/NVIDIA NvDLISR:/mnt/c/Program Files/nodejs/:/mnt/c/Program Files/Git/cmd:/mnt/c/Program Files/Git/mingw64/bin:/mnt/c/Program Files/Git/usr/bin:/mnt/c/Program Files/CMake/bin:/mnt/c/Python/Python37/Scripts/:/mnt/c/Python/Python37/:/mnt/c/Users/admin/AppData/Local/Microsoft/WindowsApps:/mnt/c/Users/admin/AppData/Local/Programs/Fiddler:/mnt/c/Program Files/JetBrains/PyCharm Community Edition 2020.3.3/bin:/mnt/d/常用软件安装/Microsoft VS Code/bin:/mnt/c/Users/admin/AppData/Roaming/npm:/mnt/c/Users/admin/AppData/Local/Microsoft/WindowsApps:/snap/bin

Yarn version: 
  1.22.10

Node version: 
  14.16.1

Platform: 
  linux x64

Trace: 
  Error: http://registry.npm.taobao.org/popperjs: Not found
      at Request.params.callback [as _callback] (/root/.nvm/versions/node/v14.16.1/lib/node_modules/yarn/lib/cli.js:66988:18)
      at Request.self.callback (/root/.nvm/versions/node/v14.16.1/lib/node_modules/yarn/lib/cli.js:140662:22)
      at Request.emit (events.js:315:20)
      at Request.<anonymous> (/root/.nvm/versions/node/v14.16.1/lib/node_modules/yarn/lib/cli.js:141634:10)
      at Request.emit (events.js:315:20)
      at IncomingMessage.<anonymous> (/root/.nvm/versions/node/v14.16.1/lib/node_modules/yarn/lib/cli.js:141556:12)
      at Object.onceWrapper (events.js:421:28)
      at IncomingMessage.emit (events.js:327:22)
      at endReadableNT (internal/streams/readable.js:1327:12)
      at processTicksAndRejections (internal/process/task_queues.js:80:21)

npm manifest: 
  {
      "name": "04-polymer",
      "version": "1.0.0",
      "description": "",
      "main": "MyButton.js",
      "type": "module",
      "scripts": {
          "test": "echo \"Error: no test specified\" && exit 1"
      },
      "keywords": [],
      "author": "",
      "license": "ISC",
      "devDependencies": {
          "@polymer/polymer": "^3.4.1"
      }
  }

yarn manifest: 
  No manifest

Lockfile: 
  No lockfile
