Arguments: 
  /opt/homebrew/Cellar/node@12/12.22.7/bin/node /usr/local/bin/yarn

PATH: 
  /opt/homebrew/opt/node@12/bin:/Users/linya/.nvm/versions/node/v16.13.1/bin:/usr/local/bin:/usr/bin:/bin:/usr/sbin:/sbin:/usr/local/go/bin:/opt/homebrew/opt/node@12/bin:/Users/linya/.nvm/versions/node/v16.13.1/bin:/opt/homebrew/bin:/opt/homebrew/sbin

Yarn version: 
  1.22.11

Node version: 
  12.22.7

Platform: 
  darwin arm64

Trace: 
  SyntaxError: /Users/linya/Code/Javascript/kor-copy/package.json: Unexpected token } in JSON at position 501
      at JSON.parse (<anonymous>)
      at /usr/local/lib/node_modules/yarn/lib/cli.js:1625:59
      at Generator.next (<anonymous>)
      at step (/usr/local/lib/node_modules/yarn/lib/cli.js:310:30)
      at /usr/local/lib/node_modules/yarn/lib/cli.js:321:13

npm manifest: 
  {
      "name": "kor-copy",
      "version": "1.0.0",
      "main": "index.js",
      "license": "MIT",
      "dependencies": {
          "lit": "^2.1.1"
      },
      "devDependencies": {
          "copy-webpack-plugin": "^5.1.2",
          "html-webpack-plugin": "^3.2.0",
          "lerna": "^3.20.2",
          "terser-webpack-plugin": "^2.3.8",
          "ts-loader": "^6.2.2",
          "typescript": "^3.9.9",
          "webpack": "^4.46.0",
          "webpack-cli": "^3.3.12",
          "webpack-dev-server": "^3.11.2"
      },
  }

yarn manifest: 
  No manifest

Lockfile: 
  # THIS IS AN AUTOGENERATED FILE. DO NOT EDIT THIS FILE DIRECTLY.
  # yarn lockfile v1
  
  
  "@lit/reactive-element@^1.1.0":
    version "1.2.0"
    resolved "https://registry.npmmirror.com/@lit/reactive-element/download/@lit/reactive-element-1.2.0.tgz#c62444a0e3d3f8d3a6875ad56f867279aa89fa88"
    integrity sha512-7i/Fz8enAQ2AN5DyJ2i2AFERufjP6x1NjuHoNgDyJkjjHxEoo8kVyyHxu1A9YyeShlksjt5FvpvENBDuivQHLA==
  
  "@types/trusted-types@^2.0.2":
    version "2.0.2"
    resolved "https://registry.npmmirror.com/@types/trusted-types/download/@types/trusted-types-2.0.2.tgz#fc25ad9943bcac11cceb8168db4f275e0e72e756"
    integrity sha1-/CWtmUO8rBHM64Fo208nXg5y51Y=
  
  lit-element@^3.1.0:
    version "3.1.1"
    resolved "https://registry.npmmirror.com/lit-element/download/lit-element-3.1.1.tgz#562d5ccbc8ba0c01d8ba4a0ac3576263167d2ccb"
    integrity sha512-14ClnMAU8EXnzC+M2/KDd3SFmNUn1QUw1+GxWkEMwGV3iaH8ObunMlO5svzvaWlkSV0WlxJCi40NGnDVJ2XZKQ==
    dependencies:
      "@lit/reactive-element" "^1.1.0"
      lit-html "^2.1.0"
  
  lit-html@^2.1.0:
    version "2.1.1"
    resolved "https://registry.npmmirror.com/lit-html/download/lit-html-2.1.1.tgz#f4da485798a0d967514d31730d387350fafb79f7"
    integrity sha512-E4BImK6lopAYanJpvcGaAG8kQFF1ccIulPu2BRNZI7acFB6i4ujjjsnaPVFT1j/4lD9r8GKih0Y8d7/LH8SeyQ==
    dependencies:
      "@types/trusted-types" "^2.0.2"
  
  lit@^2.1.1:
    version "2.1.1"
    resolved "https://registry.npmmirror.com/lit/download/lit-2.1.1.tgz#65f43abca945988f696391f762c645ba51966b0b"
    integrity sha512-yqDqf36IhXwOxIQSFqCMgpfvDCRdxLCLZl7m/+tO5C9W/OBHUj17qZpiMBT35v97QMVKcKEi1KZ3hZRyTwBNsQ==
    dependencies:
      "@lit/reactive-element" "^1.1.0"
      lit-element "^3.1.0"
      lit-html "^2.1.0"
